UpdateCTestConfiguration  from :D:/Repositories/Hartonomous-Opus/cpp/build/DartConfiguration.tcl
Parse Config file:D:/Repositories/Hartonomous-Opus/cpp/build/DartConfiguration.tcl
UpdateCTestConfiguration  from :D:/Repositories/Hartonomous-Opus/cpp/build/DartConfiguration.tcl
Parse Config file:D:/Repositories/Hartonomous-Opus/cpp/build/DartConfiguration.tcl
Test project D:/Repositories/Hartonomous-Opus/cpp/build
Constructing a list of tests
Done constructing a list of tests
Updating test list for fixtures
Added 0 tests to meet fixture requirements
Checking test dependency graph...
Checking test dependency graph end
test 1
      Start  1: IntegrationTest

1: Test command: NOT_AVAILABLE
1: Working Directory: D:/Repositories/Hartonomous-Opus/cpp/build
Test not available without configuration.  (Missing "-C <config>"?)
 1/13 Test  #1: IntegrationTest ..................***Not Run   0.00 sec
test 2
      Start  2: QueryAPITest

2: Test command: NOT_AVAILABLE
2: Working Directory: D:/Repositories/Hartonomous-Opus/cpp/build
Test not available without configuration.  (Missing "-C <config>"?)
 2/13 Test  #2: QueryAPITest .....................***Not Run   0.00 sec
test 3
      Start  3: HilbertTest

3: Test command: NOT_AVAILABLE
3: Working Directory: D:/Repositories/Hartonomous-Opus/cpp/build
 3/13 Test  #3: HilbertTest ......................***Not Run   0.00 sec
Test not available without configuration.  (Missing "-C <config>"?)
test 4
      Start  4: CoordinatesTest

4: Test command: NOT_AVAILABLE
4: Working Directory: D:/Repositories/Hartonomous-Opus/cpp/build
Test not available without configuration.  (Missing "-C <config>"?)
 4/13 Test  #4: CoordinatesTest ..................***Not Run   0.00 sec
test 5
      Start  5: Blake3Test

5: Test command: NOT_AVAILABLE
5: Working Directory: D:/Repositories/Hartonomous-Opus/cpp/build
Test not available without configuration.  (Missing "-C <config>"?)
 5/13 Test  #5: Blake3Test .......................***Not Run   0.00 sec
test 6
      Start  6: SemanticTest

6: Test command: NOT_AVAILABLE
6: Working Directory: D:/Repositories/Hartonomous-Opus/cpp/build
Test not available without configuration.  (Missing "-C <config>"?)
 6/13 Test  #6: SemanticTest .....................***Not Run   0.00 sec
test 7
      Start  7: DebugSemanticOrder

7: Test command: NOT_AVAILABLE
7: Working Directory: D:/Repositories/Hartonomous-Opus/cpp/build
Test not available without configuration.  (Missing "-C <config>"?)
 7/13 Test  #7: DebugSemanticOrder ...............***Not Run   0.00 sec
test 8
      Start  8: ClusteringTest

8: Test command: NOT_AVAILABLE
8: Working Directory: D:/Repositories/Hartonomous-Opus/cpp/build
Test not available without configuration.  (Missing "-C <config>"?)
 8/13 Test  #8: ClusteringTest ...................***Not Run   0.00 sec
test 9
      Start  9: Laplacian4DTest

9: Test command: NOT_AVAILABLE
9: Working Directory: D:/Repositories/Hartonomous-Opus/cpp/build
Test not available without configuration.  (Missing "-C <config>"?)
 9/13 Test  #9: Laplacian4DTest ..................***Not Run   0.00 sec
test 10
      Start 10: UnicodeSeedingTest

10: Test command: NOT_AVAILABLE
10: Working Directory: D:/Repositories/Hartonomous-Opus/cpp/build
Test not available without configuration.  (Missing "-C <config>"?)
10/13 Test #10: UnicodeSeedingTest ...............***Not Run   0.00 sec
test 11
      Start 11: SimdDispatchTest

11: Test command: NOT_AVAILABLE
11: Working Directory: D:/Repositories/Hartonomous-Opus/cpp/build
Test not available without configuration.  (Missing "-C <config>"?)
11/13 Test #11: SimdDispatchTest .................***Not Run   0.00 sec
test 12
      Start 12: HypercubeTests

12: Test command: NOT_AVAILABLE
12: Working Directory: D:/Repositories/Hartonomous-Opus/cpp/build
Test not available without configuration.  (Missing "-C <config>"?)
12/13 Test #12: HypercubeTests ...................***Not Run   0.00 sec
test 13
      Start 13: HypercubeSQLTests

13: Test command: NOT_AVAILABLE
13: Working Directory: D:/Repositories/Hartonomous-Opus/cpp/build
Test not available without configuration.  (Missing "-C <config>"?)
13/13 Test #13: HypercubeSQLTests ................***Not Run   0.00 sec

0% tests passed, 13 tests failed out of 13

Total Test time (real) =   0.03 sec

The following tests FAILED:
	  1 - IntegrationTest (Not Run)
	  2 - QueryAPITest (Not Run)
	  3 - HilbertTest (Not Run)
	  4 - CoordinatesTest (Not Run)
	  5 - Blake3Test (Not Run)
	  6 - SemanticTest (Not Run)
	  7 - DebugSemanticOrder (Not Run)
	  8 - ClusteringTest (Not Run)
	  9 - Laplacian4DTest (Not Run)
	 10 - UnicodeSeedingTest (Not Run)
	 11 - SimdDispatchTest (Not Run)
	 12 - HypercubeTests (Not Run)
	 13 - HypercubeSQLTests (Not Run)
Errors while running CTest
Output from these tests are in: D:/Repositories/Hartonomous-Opus/cpp/build/Testing/Temporary/LastTest.log
Use "--rerun-failed --output-on-failure" to re-run the failed cases verbosely.
