UpdateCTestConfiguration  from :/mnt/d/Repositories/Github/AHartTN/Hartonomous-Opus/cpp/build/DartConfiguration.tcl
Test project /mnt/d/Repositories/Github/AHartTN/Hartonomous-Opus/cpp/build
Constructing a list of tests
Done constructing a list of tests
Updating test list for fixtures
Added 0 tests to meet fixture requirements
Checking test dependency graph...
Checking test dependency graph end
test 1
      Start  1: HilbertTest
Could not find executable /mnt/d/Repositories/Github/AHartTN/Hartonomous-Opus/cpp/build/test_hilbert
Looked in the following places:
/mnt/d/Repositories/Github/AHartTN/Hartonomous-Opus/cpp/build/test_hilbert
/mnt/d/Repositories/Github/AHartTN/Hartonomous-Opus/cpp/build/test_hilbert
/mnt/d/Repositories/Github/AHartTN/Hartonomous-Opus/cpp/build/Release/test_hilbert
/mnt/d/Repositories/Github/AHartTN/Hartonomous-Opus/cpp/build/Release/test_hilbert
/mnt/d/Repositories/Github/AHartTN/Hartonomous-Opus/cpp/build/Debug/test_hilbert
/mnt/d/Repositories/Github/AHartTN/Hartonomous-Opus/cpp/build/Debug/test_hilbert
/mnt/d/Repositories/Github/AHartTN/Hartonomous-Opus/cpp/build/MinSizeRel/test_hilbert
/mnt/d/Repositories/Github/AHartTN/Hartonomous-Opus/cpp/build/MinSizeRel/test_hilbert
/mnt/d/Repositories/Github/AHartTN/Hartonomous-Opus/cpp/build/RelWithDebInfo/test_hilbert
/mnt/d/Repositories/Github/AHartTN/Hartonomous-Opus/cpp/build/RelWithDebInfo/test_hilbert
/mnt/d/Repositories/Github/AHartTN/Hartonomous-Opus/cpp/build/Deployment/test_hilbert
/mnt/d/Repositories/Github/AHartTN/Hartonomous-Opus/cpp/build/Deployment/test_hilbert
/mnt/d/Repositories/Github/AHartTN/Hartonomous-Opus/cpp/build/Development/test_hilbert
/mnt/d/Repositories/Github/AHartTN/Hartonomous-Opus/cpp/build/Development/test_hilbert
mnt/d/Repositories/Github/AHartTN/Hartonomous-Opus/cpp/build/test_hilbert
mnt/d/Repositories/Github/AHartTN/Hartonomous-Opus/cpp/build/test_hilbert
mnt/d/Repositories/Github/AHartTN/Hartonomous-Opus/cpp/build/Release/test_hilbert
mnt/d/Repositories/Github/AHartTN/Hartonomous-Opus/cpp/build/Release/test_hilbert
mnt/d/Repositories/Github/AHartTN/Hartonomous-Opus/cpp/build/Debug/test_hilbert
mnt/d/Repositories/Github/AHartTN/Hartonomous-Opus/cpp/build/Debug/test_hilbert
mnt/d/Repositories/Github/AHartTN/Hartonomous-Opus/cpp/build/MinSizeRel/test_hilbert
mnt/d/Repositories/Github/AHartTN/Hartonomous-Opus/cpp/build/MinSizeRel/test_hilbert
mnt/d/Repositories/Github/AHartTN/Hartonomous-Opus/cpp/build/RelWithDebInfo/test_hilbert
mnt/d/Repositories/Github/AHartTN/Hartonomous-Opus/cpp/build/RelWithDebInfo/test_hilbert
mnt/d/Repositories/Github/AHartTN/Hartonomous-Opus/cpp/build/Deployment/test_hilbert
mnt/d/Repositories/Github/AHartTN/Hartonomous-Opus/cpp/build/Deployment/test_hilbert
mnt/d/Repositories/Github/AHartTN/Hartonomous-Opus/cpp/build/Development/test_hilbert
mnt/d/Repositories/Github/AHartTN/Hartonomous-Opus/cpp/build/Development/test_hilbert

1: Test command: 
1: Working Directory: /mnt/d/Repositories/Github/AHartTN/Hartonomous-Opus/cpp/build
 1/11 Test  #1: HilbertTest ......................***Not Run   0.00 sec
test 2
      Start  2: CoordinatesTest
Could not find executable /mnt/d/Repositories/Github/AHartTN/Hartonomous-Opus/cpp/build/test_coordinates
Looked in the following places:
/mnt/d/Repositories/Github/AHartTN/Hartonomous-Opus/cpp/build/test_coordinates
/mnt/d/Repositories/Github/AHartTN/Hartonomous-Opus/cpp/build/test_coordinates
/mnt/d/Repositories/Github/AHartTN/Hartonomous-Opus/cpp/build/Release/test_coordinates
/mnt/d/Repositories/Github/AHartTN/Hartonomous-Opus/cpp/build/Release/test_coordinates
/mnt/d/Repositories/Github/AHartTN/Hartonomous-Opus/cpp/build/Debug/test_coordinates
/mnt/d/Repositories/Github/AHartTN/Hartonomous-Opus/cpp/build/Debug/test_coordinates
/mnt/d/Repositories/Github/AHartTN/Hartonomous-Opus/cpp/build/MinSizeRel/test_coordinates
/mnt/d/Repositories/Github/AHartTN/Hartonomous-Opus/cpp/build/MinSizeRel/test_coordinates
/mnt/d/Repositories/Github/AHartTN/Hartonomous-Opus/cpp/build/RelWithDebInfo/test_coordinates
/mnt/d/Repositories/Github/AHartTN/Hartonomous-Opus/cpp/build/RelWithDebInfo/test_coordinates
/mnt/d/Repositories/Github/AHartTN/Hartonomous-Opus/cpp/build/Deployment/test_coordinates
/mnt/d/Repositories/Github/AHartTN/Hartonomous-Opus/cpp/build/Deployment/test_coordinates
/mnt/d/Repositories/Github/AHartTN/Hartonomous-Opus/cpp/build/Development/test_coordinates
/mnt/d/Repositories/Github/AHartTN/Hartonomous-Opus/cpp/build/Development/test_coordinates
mnt/d/Repositories/Github/AHartTN/Hartonomous-Opus/cpp/build/test_coordinates
mnt/d/Repositories/Github/AHartTN/Hartonomous-Opus/cpp/build/test_coordinates
mnt/d/Repositories/Github/AHartTN/Hartonomous-Opus/cpp/build/Release/test_coordinates
mnt/d/Repositories/Github/AHartTN/Hartonomous-Opus/cpp/build/Release/test_coordinates
mnt/d/Repositories/Github/AHartTN/Hartonomous-Opus/cpp/build/Debug/test_coordinates
mnt/d/Repositories/Github/AHartTN/Hartonomous-Opus/cpp/build/Debug/test_coordinates
mnt/d/Repositories/Github/AHartTN/Hartonomous-Opus/cpp/build/MinSizeRel/test_coordinates
mnt/d/Repositories/Github/AHartTN/Hartonomous-Opus/cpp/build/MinSizeRel/test_coordinates
mnt/d/Repositories/Github/AHartTN/Hartonomous-Opus/cpp/build/RelWithDebInfo/test_coordinates
mnt/d/Repositories/Github/AHartTN/Hartonomous-Opus/cpp/build/RelWithDebInfo/test_coordinates
mnt/d/Repositories/Github/AHartTN/Hartonomous-Opus/cpp/build/Deployment/test_coordinates
mnt/d/Repositories/Github/AHartTN/Hartonomous-Opus/cpp/build/Deployment/test_coordinates
mnt/d/Repositories/Github/AHartTN/Hartonomous-Opus/cpp/build/Development/test_coordinates
mnt/d/Repositories/Github/AHartTN/Hartonomous-Opus/cpp/build/Development/test_coordinates

2: Test command: 
2: Working Directory: /mnt/d/Repositories/Github/AHartTN/Hartonomous-Opus/cpp/build
 2/11 Test  #2: CoordinatesTest ..................***Not Run   0.00 sec
test 3
      Start  3: Blake3Test
Could not find executable /mnt/d/Repositories/Github/AHartTN/Hartonomous-Opus/cpp/build/test_blake3
Looked in the following places:
/mnt/d/Repositories/Github/AHartTN/Hartonomous-Opus/cpp/build/test_blake3
/mnt/d/Repositories/Github/AHartTN/Hartonomous-Opus/cpp/build/test_blake3
/mnt/d/Repositories/Github/AHartTN/Hartonomous-Opus/cpp/build/Release/test_blake3
/mnt/d/Repositories/Github/AHartTN/Hartonomous-Opus/cpp/build/Release/test_blake3
/mnt/d/Repositories/Github/AHartTN/Hartonomous-Opus/cpp/build/Debug/test_blake3
/mnt/d/Repositories/Github/AHartTN/Hartonomous-Opus/cpp/build/Debug/test_blake3
/mnt/d/Repositories/Github/AHartTN/Hartonomous-Opus/cpp/build/MinSizeRel/test_blake3
/mnt/d/Repositories/Github/AHartTN/Hartonomous-Opus/cpp/build/MinSizeRel/test_blake3
/mnt/d/Repositories/Github/AHartTN/Hartonomous-Opus/cpp/build/RelWithDebInfo/test_blake3
/mnt/d/Repositories/Github/AHartTN/Hartonomous-Opus/cpp/build/RelWithDebInfo/test_blake3
/mnt/d/Repositories/Github/AHartTN/Hartonomous-Opus/cpp/build/Deployment/test_blake3
/mnt/d/Repositories/Github/AHartTN/Hartonomous-Opus/cpp/build/Deployment/test_blake3
/mnt/d/Repositories/Github/AHartTN/Hartonomous-Opus/cpp/build/Development/test_blake3
/mnt/d/Repositories/Github/AHartTN/Hartonomous-Opus/cpp/build/Development/test_blake3
mnt/d/Repositories/Github/AHartTN/Hartonomous-Opus/cpp/build/test_blake3
mnt/d/Repositories/Github/AHartTN/Hartonomous-Opus/cpp/build/test_blake3
mnt/d/Repositories/Github/AHartTN/Hartonomous-Opus/cpp/build/Release/test_blake3
mnt/d/Repositories/Github/AHartTN/Hartonomous-Opus/cpp/build/Release/test_blake3
mnt/d/Repositories/Github/AHartTN/Hartonomous-Opus/cpp/build/Debug/test_blake3
mnt/d/Repositories/Github/AHartTN/Hartonomous-Opus/cpp/build/Debug/test_blake3
mnt/d/Repositories/Github/AHartTN/Hartonomous-Opus/cpp/build/MinSizeRel/test_blake3
mnt/d/Repositories/Github/AHartTN/Hartonomous-Opus/cpp/build/MinSizeRel/test_blake3
mnt/d/Repositories/Github/AHartTN/Hartonomous-Opus/cpp/build/RelWithDebInfo/test_blake3
mnt/d/Repositories/Github/AHartTN/Hartonomous-Opus/cpp/build/RelWithDebInfo/test_blake3
mnt/d/Repositories/Github/AHartTN/Hartonomous-Opus/cpp/build/Deployment/test_blake3
mnt/d/Repositories/Github/AHartTN/Hartonomous-Opus/cpp/build/Deployment/test_blake3
mnt/d/Repositories/Github/AHartTN/Hartonomous-Opus/cpp/build/Development/test_blake3
mnt/d/Repositories/Github/AHartTN/Hartonomous-Opus/cpp/build/Development/test_blake3

3: Test command: 
3: Working Directory: /mnt/d/Repositories/Github/AHartTN/Hartonomous-Opus/cpp/build
 3/11 Test  #3: Blake3Test .......................***Not Run   0.00 sec
test 4
      Start  4: SemanticTest
Could not find executable /mnt/d/Repositories/Github/AHartTN/Hartonomous-Opus/cpp/build/test_semantic
Looked in the following places:
/mnt/d/Repositories/Github/AHartTN/Hartonomous-Opus/cpp/build/test_semantic
/mnt/d/Repositories/Github/AHartTN/Hartonomous-Opus/cpp/build/test_semantic
/mnt/d/Repositories/Github/AHartTN/Hartonomous-Opus/cpp/build/Release/test_semantic
/mnt/d/Repositories/Github/AHartTN/Hartonomous-Opus/cpp/build/Release/test_semantic
/mnt/d/Repositories/Github/AHartTN/Hartonomous-Opus/cpp/build/Debug/test_semantic
/mnt/d/Repositories/Github/AHartTN/Hartonomous-Opus/cpp/build/Debug/test_semantic
/mnt/d/Repositories/Github/AHartTN/Hartonomous-Opus/cpp/build/MinSizeRel/test_semantic
/mnt/d/Repositories/Github/AHartTN/Hartonomous-Opus/cpp/build/MinSizeRel/test_semantic
/mnt/d/Repositories/Github/AHartTN/Hartonomous-Opus/cpp/build/RelWithDebInfo/test_semantic
/mnt/d/Repositories/Github/AHartTN/Hartonomous-Opus/cpp/build/RelWithDebInfo/test_semantic
/mnt/d/Repositories/Github/AHartTN/Hartonomous-Opus/cpp/build/Deployment/test_semantic
/mnt/d/Repositories/Github/AHartTN/Hartonomous-Opus/cpp/build/Deployment/test_semantic
/mnt/d/Repositories/Github/AHartTN/Hartonomous-Opus/cpp/build/Development/test_semantic
/mnt/d/Repositories/Github/AHartTN/Hartonomous-Opus/cpp/build/Development/test_semantic
mnt/d/Repositories/Github/AHartTN/Hartonomous-Opus/cpp/build/test_semantic
mnt/d/Repositories/Github/AHartTN/Hartonomous-Opus/cpp/build/test_semantic
mnt/d/Repositories/Github/AHartTN/Hartonomous-Opus/cpp/build/Release/test_semantic
mnt/d/Repositories/Github/AHartTN/Hartonomous-Opus/cpp/build/Release/test_semantic
mnt/d/Repositories/Github/AHartTN/Hartonomous-Opus/cpp/build/Debug/test_semantic
mnt/d/Repositories/Github/AHartTN/Hartonomous-Opus/cpp/build/Debug/test_semantic
mnt/d/Repositories/Github/AHartTN/Hartonomous-Opus/cpp/build/MinSizeRel/test_semantic
mnt/d/Repositories/Github/AHartTN/Hartonomous-Opus/cpp/build/MinSizeRel/test_semantic
mnt/d/Repositories/Github/AHartTN/Hartonomous-Opus/cpp/build/RelWithDebInfo/test_semantic
mnt/d/Repositories/Github/AHartTN/Hartonomous-Opus/cpp/build/RelWithDebInfo/test_semantic
mnt/d/Repositories/Github/AHartTN/Hartonomous-Opus/cpp/build/Deployment/test_semantic
mnt/d/Repositories/Github/AHartTN/Hartonomous-Opus/cpp/build/Deployment/test_semantic
mnt/d/Repositories/Github/AHartTN/Hartonomous-Opus/cpp/build/Development/test_semantic
mnt/d/Repositories/Github/AHartTN/Hartonomous-Opus/cpp/build/Development/test_semantic

4: Test command: 
4: Working Directory: /mnt/d/Repositories/Github/AHartTN/Hartonomous-Opus/cpp/build
 4/11 Test  #4: SemanticTest .....................***Not Run   0.00 sec
test 5
      Start  5: DebugSemanticOrder
Could not find executable /mnt/d/Repositories/Github/AHartTN/Hartonomous-Opus/cpp/build/debug_semantic_order
Looked in the following places:
/mnt/d/Repositories/Github/AHartTN/Hartonomous-Opus/cpp/build/debug_semantic_order
/mnt/d/Repositories/Github/AHartTN/Hartonomous-Opus/cpp/build/debug_semantic_order
/mnt/d/Repositories/Github/AHartTN/Hartonomous-Opus/cpp/build/Release/debug_semantic_order
/mnt/d/Repositories/Github/AHartTN/Hartonomous-Opus/cpp/build/Release/debug_semantic_order
/mnt/d/Repositories/Github/AHartTN/Hartonomous-Opus/cpp/build/Debug/debug_semantic_order
/mnt/d/Repositories/Github/AHartTN/Hartonomous-Opus/cpp/build/Debug/debug_semantic_order
/mnt/d/Repositories/Github/AHartTN/Hartonomous-Opus/cpp/build/MinSizeRel/debug_semantic_order
/mnt/d/Repositories/Github/AHartTN/Hartonomous-Opus/cpp/build/MinSizeRel/debug_semantic_order
/mnt/d/Repositories/Github/AHartTN/Hartonomous-Opus/cpp/build/RelWithDebInfo/debug_semantic_order
/mnt/d/Repositories/Github/AHartTN/Hartonomous-Opus/cpp/build/RelWithDebInfo/debug_semantic_order
/mnt/d/Repositories/Github/AHartTN/Hartonomous-Opus/cpp/build/Deployment/debug_semantic_order
/mnt/d/Repositories/Github/AHartTN/Hartonomous-Opus/cpp/build/Deployment/debug_semantic_order
/mnt/d/Repositories/Github/AHartTN/Hartonomous-Opus/cpp/build/Development/debug_semantic_order
/mnt/d/Repositories/Github/AHartTN/Hartonomous-Opus/cpp/build/Development/debug_semantic_order
mnt/d/Repositories/Github/AHartTN/Hartonomous-Opus/cpp/build/debug_semantic_order
mnt/d/Repositories/Github/AHartTN/Hartonomous-Opus/cpp/build/debug_semantic_order
mnt/d/Repositories/Github/AHartTN/Hartonomous-Opus/cpp/build/Release/debug_semantic_order
mnt/d/Repositories/Github/AHartTN/Hartonomous-Opus/cpp/build/Release/debug_semantic_order
mnt/d/Repositories/Github/AHartTN/Hartonomous-Opus/cpp/build/Debug/debug_semantic_order
mnt/d/Repositories/Github/AHartTN/Hartonomous-Opus/cpp/build/Debug/debug_semantic_order
mnt/d/Repositories/Github/AHartTN/Hartonomous-Opus/cpp/build/MinSizeRel/debug_semantic_order
mnt/d/Repositories/Github/AHartTN/Hartonomous-Opus/cpp/build/MinSizeRel/debug_semantic_order
mnt/d/Repositories/Github/AHartTN/Hartonomous-Opus/cpp/build/RelWithDebInfo/debug_semantic_order
mnt/d/Repositories/Github/AHartTN/Hartonomous-Opus/cpp/build/RelWithDebInfo/debug_semantic_order
mnt/d/Repositories/Github/AHartTN/Hartonomous-Opus/cpp/build/Deployment/debug_semantic_order
mnt/d/Repositories/Github/AHartTN/Hartonomous-Opus/cpp/build/Deployment/debug_semantic_order
mnt/d/Repositories/Github/AHartTN/Hartonomous-Opus/cpp/build/Development/debug_semantic_order
mnt/d/Repositories/Github/AHartTN/Hartonomous-Opus/cpp/build/Development/debug_semantic_order

5: Test command: 
5: Working Directory: /mnt/d/Repositories/Github/AHartTN/Hartonomous-Opus/cpp/build
 5/11 Test  #5: DebugSemanticOrder ...............***Not Run   0.00 sec
test 6
      Start  6: ClusteringTest
Could not find executable /mnt/d/Repositories/Github/AHartTN/Hartonomous-Opus/cpp/build/test_clustering
Looked in the following places:
/mnt/d/Repositories/Github/AHartTN/Hartonomous-Opus/cpp/build/test_clustering
/mnt/d/Repositories/Github/AHartTN/Hartonomous-Opus/cpp/build/test_clustering
/mnt/d/Repositories/Github/AHartTN/Hartonomous-Opus/cpp/build/Release/test_clustering
/mnt/d/Repositories/Github/AHartTN/Hartonomous-Opus/cpp/build/Release/test_clustering
/mnt/d/Repositories/Github/AHartTN/Hartonomous-Opus/cpp/build/Debug/test_clustering
/mnt/d/Repositories/Github/AHartTN/Hartonomous-Opus/cpp/build/Debug/test_clustering
/mnt/d/Repositories/Github/AHartTN/Hartonomous-Opus/cpp/build/MinSizeRel/test_clustering
/mnt/d/Repositories/Github/AHartTN/Hartonomous-Opus/cpp/build/MinSizeRel/test_clustering
/mnt/d/Repositories/Github/AHartTN/Hartonomous-Opus/cpp/build/RelWithDebInfo/test_clustering
/mnt/d/Repositories/Github/AHartTN/Hartonomous-Opus/cpp/build/RelWithDebInfo/test_clustering
/mnt/d/Repositories/Github/AHartTN/Hartonomous-Opus/cpp/build/Deployment/test_clustering
/mnt/d/Repositories/Github/AHartTN/Hartonomous-Opus/cpp/build/Deployment/test_clustering
/mnt/d/Repositories/Github/AHartTN/Hartonomous-Opus/cpp/build/Development/test_clustering
/mnt/d/Repositories/Github/AHartTN/Hartonomous-Opus/cpp/build/Development/test_clustering
mnt/d/Repositories/Github/AHartTN/Hartonomous-Opus/cpp/build/test_clustering
mnt/d/Repositories/Github/AHartTN/Hartonomous-Opus/cpp/build/test_clustering
mnt/d/Repositories/Github/AHartTN/Hartonomous-Opus/cpp/build/Release/test_clustering
mnt/d/Repositories/Github/AHartTN/Hartonomous-Opus/cpp/build/Release/test_clustering
mnt/d/Repositories/Github/AHartTN/Hartonomous-Opus/cpp/build/Debug/test_clustering
mnt/d/Repositories/Github/AHartTN/Hartonomous-Opus/cpp/build/Debug/test_clustering
mnt/d/Repositories/Github/AHartTN/Hartonomous-Opus/cpp/build/MinSizeRel/test_clustering
mnt/d/Repositories/Github/AHartTN/Hartonomous-Opus/cpp/build/MinSizeRel/test_clustering
mnt/d/Repositories/Github/AHartTN/Hartonomous-Opus/cpp/build/RelWithDebInfo/test_clustering
mnt/d/Repositories/Github/AHartTN/Hartonomous-Opus/cpp/build/RelWithDebInfo/test_clustering
mnt/d/Repositories/Github/AHartTN/Hartonomous-Opus/cpp/build/Deployment/test_clustering
mnt/d/Repositories/Github/AHartTN/Hartonomous-Opus/cpp/build/Deployment/test_clustering
mnt/d/Repositories/Github/AHartTN/Hartonomous-Opus/cpp/build/Development/test_clustering
mnt/d/Repositories/Github/AHartTN/Hartonomous-Opus/cpp/build/Development/test_clustering

6: Test command: 
6: Working Directory: /mnt/d/Repositories/Github/AHartTN/Hartonomous-Opus/cpp/build
 6/11 Test  #6: ClusteringTest ...................***Not Run   0.00 sec
test 7
      Start  7: Laplacian4DTest
Could not find executable /mnt/d/Repositories/Github/AHartTN/Hartonomous-Opus/cpp/build/test_laplacian_4d
Looked in the following places:
/mnt/d/Repositories/Github/AHartTN/Hartonomous-Opus/cpp/build/test_laplacian_4d
/mnt/d/Repositories/Github/AHartTN/Hartonomous-Opus/cpp/build/test_laplacian_4d
/mnt/d/Repositories/Github/AHartTN/Hartonomous-Opus/cpp/build/Release/test_laplacian_4d
/mnt/d/Repositories/Github/AHartTN/Hartonomous-Opus/cpp/build/Release/test_laplacian_4d
/mnt/d/Repositories/Github/AHartTN/Hartonomous-Opus/cpp/build/Debug/test_laplacian_4d
/mnt/d/Repositories/Github/AHartTN/Hartonomous-Opus/cpp/build/Debug/test_laplacian_4d
/mnt/d/Repositories/Github/AHartTN/Hartonomous-Opus/cpp/build/MinSizeRel/test_laplacian_4d
/mnt/d/Repositories/Github/AHartTN/Hartonomous-Opus/cpp/build/MinSizeRel/test_laplacian_4d
/mnt/d/Repositories/Github/AHartTN/Hartonomous-Opus/cpp/build/RelWithDebInfo/test_laplacian_4d
/mnt/d/Repositories/Github/AHartTN/Hartonomous-Opus/cpp/build/RelWithDebInfo/test_laplacian_4d
/mnt/d/Repositories/Github/AHartTN/Hartonomous-Opus/cpp/build/Deployment/test_laplacian_4d
/mnt/d/Repositories/Github/AHartTN/Hartonomous-Opus/cpp/build/Deployment/test_laplacian_4d
/mnt/d/Repositories/Github/AHartTN/Hartonomous-Opus/cpp/build/Development/test_laplacian_4d
/mnt/d/Repositories/Github/AHartTN/Hartonomous-Opus/cpp/build/Development/test_laplacian_4d
mnt/d/Repositories/Github/AHartTN/Hartonomous-Opus/cpp/build/test_laplacian_4d
mnt/d/Repositories/Github/AHartTN/Hartonomous-Opus/cpp/build/test_laplacian_4d
mnt/d/Repositories/Github/AHartTN/Hartonomous-Opus/cpp/build/Release/test_laplacian_4d
mnt/d/Repositories/Github/AHartTN/Hartonomous-Opus/cpp/build/Release/test_laplacian_4d
mnt/d/Repositories/Github/AHartTN/Hartonomous-Opus/cpp/build/Debug/test_laplacian_4d
mnt/d/Repositories/Github/AHartTN/Hartonomous-Opus/cpp/build/Debug/test_laplacian_4d
mnt/d/Repositories/Github/AHartTN/Hartonomous-Opus/cpp/build/MinSizeRel/test_laplacian_4d
mnt/d/Repositories/Github/AHartTN/Hartonomous-Opus/cpp/build/MinSizeRel/test_laplacian_4d
mnt/d/Repositories/Github/AHartTN/Hartonomous-Opus/cpp/build/RelWithDebInfo/test_laplacian_4d
mnt/d/Repositories/Github/AHartTN/Hartonomous-Opus/cpp/build/RelWithDebInfo/test_laplacian_4d
mnt/d/Repositories/Github/AHartTN/Hartonomous-Opus/cpp/build/Deployment/test_laplacian_4d
mnt/d/Repositories/Github/AHartTN/Hartonomous-Opus/cpp/build/Deployment/test_laplacian_4d
mnt/d/Repositories/Github/AHartTN/Hartonomous-Opus/cpp/build/Development/test_laplacian_4d
mnt/d/Repositories/Github/AHartTN/Hartonomous-Opus/cpp/build/Development/test_laplacian_4d

7: Test command: 
7: Working Directory: /mnt/d/Repositories/Github/AHartTN/Hartonomous-Opus/cpp/build
 7/11 Test  #7: Laplacian4DTest ..................***Not Run   0.00 sec
test 8
      Start  8: IntegrationTest
Could not find executable /mnt/d/Repositories/Github/AHartTN/Hartonomous-Opus/cpp/build/test_integration
Looked in the following places:
/mnt/d/Repositories/Github/AHartTN/Hartonomous-Opus/cpp/build/test_integration
/mnt/d/Repositories/Github/AHartTN/Hartonomous-Opus/cpp/build/test_integration
/mnt/d/Repositories/Github/AHartTN/Hartonomous-Opus/cpp/build/Release/test_integration
/mnt/d/Repositories/Github/AHartTN/Hartonomous-Opus/cpp/build/Release/test_integration
/mnt/d/Repositories/Github/AHartTN/Hartonomous-Opus/cpp/build/Debug/test_integration
/mnt/d/Repositories/Github/AHartTN/Hartonomous-Opus/cpp/build/Debug/test_integration
/mnt/d/Repositories/Github/AHartTN/Hartonomous-Opus/cpp/build/MinSizeRel/test_integration
/mnt/d/Repositories/Github/AHartTN/Hartonomous-Opus/cpp/build/MinSizeRel/test_integration
/mnt/d/Repositories/Github/AHartTN/Hartonomous-Opus/cpp/build/RelWithDebInfo/test_integration
/mnt/d/Repositories/Github/AHartTN/Hartonomous-Opus/cpp/build/RelWithDebInfo/test_integration
/mnt/d/Repositories/Github/AHartTN/Hartonomous-Opus/cpp/build/Deployment/test_integration
/mnt/d/Repositories/Github/AHartTN/Hartonomous-Opus/cpp/build/Deployment/test_integration
/mnt/d/Repositories/Github/AHartTN/Hartonomous-Opus/cpp/build/Development/test_integration
/mnt/d/Repositories/Github/AHartTN/Hartonomous-Opus/cpp/build/Development/test_integration
mnt/d/Repositories/Github/AHartTN/Hartonomous-Opus/cpp/build/test_integration
mnt/d/Repositories/Github/AHartTN/Hartonomous-Opus/cpp/build/test_integration
mnt/d/Repositories/Github/AHartTN/Hartonomous-Opus/cpp/build/Release/test_integration
mnt/d/Repositories/Github/AHartTN/Hartonomous-Opus/cpp/build/Release/test_integration
mnt/d/Repositories/Github/AHartTN/Hartonomous-Opus/cpp/build/Debug/test_integration
mnt/d/Repositories/Github/AHartTN/Hartonomous-Opus/cpp/build/Debug/test_integration
mnt/d/Repositories/Github/AHartTN/Hartonomous-Opus/cpp/build/MinSizeRel/test_integration
mnt/d/Repositories/Github/AHartTN/Hartonomous-Opus/cpp/build/MinSizeRel/test_integration
mnt/d/Repositories/Github/AHartTN/Hartonomous-Opus/cpp/build/RelWithDebInfo/test_integration
mnt/d/Repositories/Github/AHartTN/Hartonomous-Opus/cpp/build/RelWithDebInfo/test_integration
mnt/d/Repositories/Github/AHartTN/Hartonomous-Opus/cpp/build/Deployment/test_integration
mnt/d/Repositories/Github/AHartTN/Hartonomous-Opus/cpp/build/Deployment/test_integration
mnt/d/Repositories/Github/AHartTN/Hartonomous-Opus/cpp/build/Development/test_integration
mnt/d/Repositories/Github/AHartTN/Hartonomous-Opus/cpp/build/Development/test_integration

8: Test command: 
8: Working Directory: /mnt/d/Repositories/Github/AHartTN/Hartonomous-Opus/cpp/build
8: Environment variables: 
8:  HC_DB_NAME=hypercube
8:  HC_DB_USER=hartonomous
8:  HC_DB_PASS=hartonomous
8:  HC_DB_HOST=localhost
8:  HC_DB_PORT=5432
 8/11 Test  #8: IntegrationTest ..................***Not Run   0.00 sec
test 9
      Start  9: QueryAPITest
Could not find executable /mnt/d/Repositories/Github/AHartTN/Hartonomous-Opus/cpp/build/test_query_api
Looked in the following places:
/mnt/d/Repositories/Github/AHartTN/Hartonomous-Opus/cpp/build/test_query_api
/mnt/d/Repositories/Github/AHartTN/Hartonomous-Opus/cpp/build/test_query_api
/mnt/d/Repositories/Github/AHartTN/Hartonomous-Opus/cpp/build/Release/test_query_api
/mnt/d/Repositories/Github/AHartTN/Hartonomous-Opus/cpp/build/Release/test_query_api
/mnt/d/Repositories/Github/AHartTN/Hartonomous-Opus/cpp/build/Debug/test_query_api
/mnt/d/Repositories/Github/AHartTN/Hartonomous-Opus/cpp/build/Debug/test_query_api
/mnt/d/Repositories/Github/AHartTN/Hartonomous-Opus/cpp/build/MinSizeRel/test_query_api
/mnt/d/Repositories/Github/AHartTN/Hartonomous-Opus/cpp/build/MinSizeRel/test_query_api
/mnt/d/Repositories/Github/AHartTN/Hartonomous-Opus/cpp/build/RelWithDebInfo/test_query_api
/mnt/d/Repositories/Github/AHartTN/Hartonomous-Opus/cpp/build/RelWithDebInfo/test_query_api
/mnt/d/Repositories/Github/AHartTN/Hartonomous-Opus/cpp/build/Deployment/test_query_api
/mnt/d/Repositories/Github/AHartTN/Hartonomous-Opus/cpp/build/Deployment/test_query_api
/mnt/d/Repositories/Github/AHartTN/Hartonomous-Opus/cpp/build/Development/test_query_api
/mnt/d/Repositories/Github/AHartTN/Hartonomous-Opus/cpp/build/Development/test_query_api
mnt/d/Repositories/Github/AHartTN/Hartonomous-Opus/cpp/build/test_query_api
mnt/d/Repositories/Github/AHartTN/Hartonomous-Opus/cpp/build/test_query_api
mnt/d/Repositories/Github/AHartTN/Hartonomous-Opus/cpp/build/Release/test_query_api
mnt/d/Repositories/Github/AHartTN/Hartonomous-Opus/cpp/build/Release/test_query_api
mnt/d/Repositories/Github/AHartTN/Hartonomous-Opus/cpp/build/Debug/test_query_api
mnt/d/Repositories/Github/AHartTN/Hartonomous-Opus/cpp/build/Debug/test_query_api
mnt/d/Repositories/Github/AHartTN/Hartonomous-Opus/cpp/build/MinSizeRel/test_query_api
mnt/d/Repositories/Github/AHartTN/Hartonomous-Opus/cpp/build/MinSizeRel/test_query_api
mnt/d/Repositories/Github/AHartTN/Hartonomous-Opus/cpp/build/RelWithDebInfo/test_query_api
mnt/d/Repositories/Github/AHartTN/Hartonomous-Opus/cpp/build/RelWithDebInfo/test_query_api
mnt/d/Repositories/Github/AHartTN/Hartonomous-Opus/cpp/build/Deployment/test_query_api
mnt/d/Repositories/Github/AHartTN/Hartonomous-Opus/cpp/build/Deployment/test_query_api
mnt/d/Repositories/Github/AHartTN/Hartonomous-Opus/cpp/build/Development/test_query_api
mnt/d/Repositories/Github/AHartTN/Hartonomous-Opus/cpp/build/Development/test_query_api

9: Test command: 
9: Working Directory: /mnt/d/Repositories/Github/AHartTN/Hartonomous-Opus/cpp/build
9: Environment variables: 
9:  HC_DB_NAME=hypercube
9:  HC_DB_USER=hartonomous
9:  HC_DB_PASS=hartonomous
9:  HC_DB_HOST=localhost
9:  HC_DB_PORT=5432
 9/11 Test  #9: QueryAPITest .....................***Not Run   0.00 sec
test 10
      Start 10: HypercubeTests
Could not find executable /mnt/d/Repositories/Github/AHartTN/Hartonomous-Opus/cpp/build/hypercube_tests
Looked in the following places:
/mnt/d/Repositories/Github/AHartTN/Hartonomous-Opus/cpp/build/hypercube_tests
/mnt/d/Repositories/Github/AHartTN/Hartonomous-Opus/cpp/build/hypercube_tests
/mnt/d/Repositories/Github/AHartTN/Hartonomous-Opus/cpp/build/Release/hypercube_tests
/mnt/d/Repositories/Github/AHartTN/Hartonomous-Opus/cpp/build/Release/hypercube_tests
/mnt/d/Repositories/Github/AHartTN/Hartonomous-Opus/cpp/build/Debug/hypercube_tests
/mnt/d/Repositories/Github/AHartTN/Hartonomous-Opus/cpp/build/Debug/hypercube_tests
/mnt/d/Repositories/Github/AHartTN/Hartonomous-Opus/cpp/build/MinSizeRel/hypercube_tests
/mnt/d/Repositories/Github/AHartTN/Hartonomous-Opus/cpp/build/MinSizeRel/hypercube_tests
/mnt/d/Repositories/Github/AHartTN/Hartonomous-Opus/cpp/build/RelWithDebInfo/hypercube_tests
/mnt/d/Repositories/Github/AHartTN/Hartonomous-Opus/cpp/build/RelWithDebInfo/hypercube_tests
/mnt/d/Repositories/Github/AHartTN/Hartonomous-Opus/cpp/build/Deployment/hypercube_tests
/mnt/d/Repositories/Github/AHartTN/Hartonomous-Opus/cpp/build/Deployment/hypercube_tests
/mnt/d/Repositories/Github/AHartTN/Hartonomous-Opus/cpp/build/Development/hypercube_tests
/mnt/d/Repositories/Github/AHartTN/Hartonomous-Opus/cpp/build/Development/hypercube_tests
mnt/d/Repositories/Github/AHartTN/Hartonomous-Opus/cpp/build/hypercube_tests
mnt/d/Repositories/Github/AHartTN/Hartonomous-Opus/cpp/build/hypercube_tests
mnt/d/Repositories/Github/AHartTN/Hartonomous-Opus/cpp/build/Release/hypercube_tests
mnt/d/Repositories/Github/AHartTN/Hartonomous-Opus/cpp/build/Release/hypercube_tests
mnt/d/Repositories/Github/AHartTN/Hartonomous-Opus/cpp/build/Debug/hypercube_tests
mnt/d/Repositories/Github/AHartTN/Hartonomous-Opus/cpp/build/Debug/hypercube_tests
mnt/d/Repositories/Github/AHartTN/Hartonomous-Opus/cpp/build/MinSizeRel/hypercube_tests
mnt/d/Repositories/Github/AHartTN/Hartonomous-Opus/cpp/build/MinSizeRel/hypercube_tests
mnt/d/Repositories/Github/AHartTN/Hartonomous-Opus/cpp/build/RelWithDebInfo/hypercube_tests
mnt/d/Repositories/Github/AHartTN/Hartonomous-Opus/cpp/build/RelWithDebInfo/hypercube_tests
mnt/d/Repositories/Github/AHartTN/Hartonomous-Opus/cpp/build/Deployment/hypercube_tests
mnt/d/Repositories/Github/AHartTN/Hartonomous-Opus/cpp/build/Deployment/hypercube_tests
mnt/d/Repositories/Github/AHartTN/Hartonomous-Opus/cpp/build/Development/hypercube_tests
mnt/d/Repositories/Github/AHartTN/Hartonomous-Opus/cpp/build/Development/hypercube_tests

10: Test command: 
10: Working Directory: /mnt/d/Repositories/Github/AHartTN/Hartonomous-Opus/cpp/build
10/11 Test #10: HypercubeTests ...................***Not Run   0.00 sec
test 11
      Start 11: HypercubeSQLTests
Could not find executable /mnt/d/Repositories/Github/AHartTN/Hartonomous-Opus/cpp/build/hypercube_sql_tests
Looked in the following places:
/mnt/d/Repositories/Github/AHartTN/Hartonomous-Opus/cpp/build/hypercube_sql_tests
/mnt/d/Repositories/Github/AHartTN/Hartonomous-Opus/cpp/build/hypercube_sql_tests
/mnt/d/Repositories/Github/AHartTN/Hartonomous-Opus/cpp/build/Release/hypercube_sql_tests
/mnt/d/Repositories/Github/AHartTN/Hartonomous-Opus/cpp/build/Release/hypercube_sql_tests
/mnt/d/Repositories/Github/AHartTN/Hartonomous-Opus/cpp/build/Debug/hypercube_sql_tests
/mnt/d/Repositories/Github/AHartTN/Hartonomous-Opus/cpp/build/Debug/hypercube_sql_tests
/mnt/d/Repositories/Github/AHartTN/Hartonomous-Opus/cpp/build/MinSizeRel/hypercube_sql_tests
/mnt/d/Repositories/Github/AHartTN/Hartonomous-Opus/cpp/build/MinSizeRel/hypercube_sql_tests
/mnt/d/Repositories/Github/AHartTN/Hartonomous-Opus/cpp/build/RelWithDebInfo/hypercube_sql_tests
/mnt/d/Repositories/Github/AHartTN/Hartonomous-Opus/cpp/build/RelWithDebInfo/hypercube_sql_tests
/mnt/d/Repositories/Github/AHartTN/Hartonomous-Opus/cpp/build/Deployment/hypercube_sql_tests
/mnt/d/Repositories/Github/AHartTN/Hartonomous-Opus/cpp/build/Deployment/hypercube_sql_tests
/mnt/d/Repositories/Github/AHartTN/Hartonomous-Opus/cpp/build/Development/hypercube_sql_tests
/mnt/d/Repositories/Github/AHartTN/Hartonomous-Opus/cpp/build/Development/hypercube_sql_tests
mnt/d/Repositories/Github/AHartTN/Hartonomous-Opus/cpp/build/hypercube_sql_tests
mnt/d/Repositories/Github/AHartTN/Hartonomous-Opus/cpp/build/hypercube_sql_tests
mnt/d/Repositories/Github/AHartTN/Hartonomous-Opus/cpp/build/Release/hypercube_sql_tests
mnt/d/Repositories/Github/AHartTN/Hartonomous-Opus/cpp/build/Release/hypercube_sql_tests
mnt/d/Repositories/Github/AHartTN/Hartonomous-Opus/cpp/build/Debug/hypercube_sql_tests
mnt/d/Repositories/Github/AHartTN/Hartonomous-Opus/cpp/build/Debug/hypercube_sql_tests
mnt/d/Repositories/Github/AHartTN/Hartonomous-Opus/cpp/build/MinSizeRel/hypercube_sql_tests
mnt/d/Repositories/Github/AHartTN/Hartonomous-Opus/cpp/build/MinSizeRel/hypercube_sql_tests
mnt/d/Repositories/Github/AHartTN/Hartonomous-Opus/cpp/build/RelWithDebInfo/hypercube_sql_tests
mnt/d/Repositories/Github/AHartTN/Hartonomous-Opus/cpp/build/RelWithDebInfo/hypercube_sql_tests
mnt/d/Repositories/Github/AHartTN/Hartonomous-Opus/cpp/build/Deployment/hypercube_sql_tests
mnt/d/Repositories/Github/AHartTN/Hartonomous-Opus/cpp/build/Deployment/hypercube_sql_tests
mnt/d/Repositories/Github/AHartTN/Hartonomous-Opus/cpp/build/Development/hypercube_sql_tests
mnt/d/Repositories/Github/AHartTN/Hartonomous-Opus/cpp/build/Development/hypercube_sql_tests

11: Test command: 
11: Working Directory: /mnt/d/Repositories/Github/AHartTN/Hartonomous-Opus/cpp/build
11: Environment variables: 
11:  HC_DB_NAME=hypercube
11:  HC_DB_USER=hartonomous
11:  HC_DB_PASS=hartonomous
11:  HC_DB_HOST=localhost
11:  HC_DB_PORT=5432
11/11 Test #11: HypercubeSQLTests ................***Not Run   0.00 sec

0% tests passed, 11 tests failed out of 11

Total Test time (real) =   0.35 sec

The following tests FAILED:
	  1 - HilbertTest (Not Run)
	  2 - CoordinatesTest (Not Run)
	  3 - Blake3Test (Not Run)
	  4 - SemanticTest (Not Run)
	  5 - DebugSemanticOrder (Not Run)
	  6 - ClusteringTest (Not Run)
	  7 - Laplacian4DTest (Not Run)
	  8 - IntegrationTest (Not Run)
	  9 - QueryAPITest (Not Run)
	 10 - HypercubeTests (Not Run)
	 11 - HypercubeSQLTests (Not Run)
